This is XeTeX, Version 3.14159265-2.6-0.999991 (TeX Live 2019) (preloaded format=xelatex 2020.4.30)  26 JUN 2020 15:37
entering extended mode
 restricted \write18 enabled.
 %&-line parsing enabled.
**arrangeHoboData.tex
(./arrangeHoboData.tex
LaTeX2e <2018-12-01>
(/usr/share/texlive/texmf-dist/tex/latex/base/article.cls
Document Class: article 2018/09/03 v1.4i Standard LaTeX document class
(/usr/share/texlive/texmf-dist/tex/latex/base/size10.clo
File: size10.clo 2018/09/03 v1.4i Standard LaTeX file (size option)
)
\c@part=\count80
\c@section=\count81
\c@subsection=\count82
\c@subsubsection=\count83
\c@paragraph=\count84
\c@subparagraph=\count85
\c@figure=\count86
\c@table=\count87
\abovecaptionskip=\skip41
\belowcaptionskip=\skip42
\bibindent=\dimen102
) (/usr/share/texlive/texmf-dist/tex/latex/lm/lmodern.sty
Package: lmodern 2009/10/30 v1.6 Latin Modern Fonts
LaTeX Font Info:    Overwriting symbol font `operators' in version `normal'
(Font)                  OT1/cmr/m/n --> OT1/lmr/m/n on input line 22.
LaTeX Font Info:    Overwriting symbol font `letters' in version `normal'
(Font)                  OML/cmm/m/it --> OML/lmm/m/it on input line 23.
LaTeX Font Info:    Overwriting symbol font `symbols' in version `normal'
(Font)                  OMS/cmsy/m/n --> OMS/lmsy/m/n on input line 24.
LaTeX Font Info:    Overwriting symbol font `largesymbols' in version `normal'
(Font)                  OMX/cmex/m/n --> OMX/lmex/m/n on input line 25.
LaTeX Font Info:    Overwriting symbol font `operators' in version `bold'
(Font)                  OT1/cmr/bx/n --> OT1/lmr/bx/n on input line 26.
LaTeX Font Info:    Overwriting symbol font `letters' in version `bold'
(Font)                  OML/cmm/b/it --> OML/lmm/b/it on input line 27.
LaTeX Font Info:    Overwriting symbol font `symbols' in version `bold'
(Font)                  OMS/cmsy/b/n --> OMS/lmsy/b/n on input line 28.
LaTeX Font Info:    Overwriting symbol font `largesymbols' in version `bold'
(Font)                  OMX/cmex/m/n --> OMX/lmex/m/n on input line 29.
LaTeX Font Info:    Overwriting math alphabet `\mathbf' in version `normal'
(Font)                  OT1/cmr/bx/n --> OT1/lmr/bx/n on input line 31.
LaTeX Font Info:    Overwriting math alphabet `\mathsf' in version `normal'
(Font)                  OT1/cmss/m/n --> OT1/lmss/m/n on input line 32.
LaTeX Font Info:    Overwriting math alphabet `\mathit' in version `normal'
(Font)                  OT1/cmr/m/it --> OT1/lmr/m/it on input line 33.
LaTeX Font Info:    Overwriting math alphabet `\mathtt' in version `normal'
(Font)                  OT1/cmtt/m/n --> OT1/lmtt/m/n on input line 34.
LaTeX Font Info:    Overwriting math alphabet `\mathbf' in version `bold'
(Font)                  OT1/cmr/bx/n --> OT1/lmr/bx/n on input line 35.
LaTeX Font Info:    Overwriting math alphabet `\mathsf' in version `bold'
(Font)                  OT1/cmss/bx/n --> OT1/lmss/bx/n on input line 36.
LaTeX Font Info:    Overwriting math alphabet `\mathit' in version `bold'
(Font)                  OT1/cmr/bx/it --> OT1/lmr/bx/it on input line 37.
LaTeX Font Info:    Overwriting math alphabet `\mathtt' in version `bold'
(Font)                  OT1/cmtt/m/n --> OT1/lmtt/m/n on input line 38.
) (/usr/share/texlive/texmf-dist/tex/latex/amsfonts/amssymb.sty
Package: amssymb 2013/01/14 v3.01 AMS font symbols
(/usr/share/texlive/texmf-dist/tex/latex/amsfonts/amsfonts.sty
Package: amsfonts 2013/01/14 v3.01 Basic AMSFonts support
\@emptytoks=\toks14
\symAMSa=\mathgroup4
\symAMSb=\mathgroup5
LaTeX Font Info:    Overwriting math alphabet `\mathfrak' in version `bold'
(Font)                  U/euf/m/n --> U/euf/b/n on input line 106.
)) (/usr/share/texlive/texmf-dist/tex/latex/amsmath/amsmath.sty
Package: amsmath 2018/12/01 v2.17b AMS math features
\@mathmargin=\skip43
For additional information on amsmath, use the `?' option.
(/usr/share/texlive/texmf-dist/tex/latex/amsmath/amstext.sty
Package: amstext 2000/06/29 v2.01 AMS text
(/usr/share/texlive/texmf-dist/tex/latex/amsmath/amsgen.sty
File: amsgen.sty 1999/11/30 v2.0 generic functions
\@emptytoks=\toks15
\ex@=\dimen103
)) (/usr/share/texlive/texmf-dist/tex/latex/amsmath/amsbsy.sty
Package: amsbsy 1999/11/29 v1.2d Bold Symbols
\pmbraise@=\dimen104
) (/usr/share/texlive/texmf-dist/tex/latex/amsmath/amsopn.sty
Package: amsopn 2016/03/08 v2.02 operator names
)
\inf@bad=\count88
LaTeX Info: Redefining \frac on input line 223.
\uproot@=\count89
\leftroot@=\count90
LaTeX Info: Redefining \overline on input line 385.
\classnum@=\count91
\DOTSCASE@=\count92
LaTeX Info: Redefining \ldots on input line 482.
LaTeX Info: Redefining \dots on input line 485.
LaTeX Info: Redefining \cdots on input line 606.
\Mathstrutbox@=\box27
\strutbox@=\box28
\big@size=\dimen105
LaTeX Font Info:    Redeclaring font encoding OML on input line 729.
LaTeX Font Info:    Redeclaring font encoding OMS on input line 730.
\macc@depth=\count93
\c@MaxMatrixCols=\count94
\dotsspace@=\muskip10
\c@parentequation=\count95
\dspbrk@lvl=\count96
\tag@help=\toks16
\row@=\count97
\column@=\count98
\maxfields@=\count99
\andhelp@=\toks17
\eqnshift@=\dimen106
\alignsep@=\dimen107
\tagshift@=\dimen108
\tagwidth@=\dimen109
\totwidth@=\dimen110
\lineht@=\dimen111
\@envbody=\toks18
\multlinegap=\skip44
\multlinetaggap=\skip45
\mathdisplay@stack=\toks19
LaTeX Info: Redefining \[ on input line 2844.
LaTeX Info: Redefining \] on input line 2845.
) (/usr/share/texlive/texmf-dist/tex/generic/ifxetex/ifxetex.sty
Package: ifxetex 2010/09/12 v0.6 Provides ifxetex conditional
) (/usr/share/texlive/texmf-dist/tex/generic/oberdiek/ifluatex.sty
Package: ifluatex 2016/05/16 v1.4 Provides the ifluatex switch (HO)
Package ifluatex Info: LuaTeX not detected.
) (/usr/share/texlive/texmf-dist/tex/latex/base/fixltx2e.sty
Package: fixltx2e 2016/12/29 v2.1a fixes to LaTeX (obsolete)
Applying: [2015/01/01] Old fixltx2e package on input line 46.

Package fixltx2e Warning: fixltx2e is not required with releases after 2015
(fixltx2e)                All fixes are now in the LaTeX kernel.
(fixltx2e)                See the latexrelease package for details.

Already applied: [0000/00/00] Old fixltx2e package on input line 53.
) (/usr/share/texlive/texmf-dist/tex/xelatex/mathspec/mathspec.sty
Package: mathspec 2016/12/22 v0.2b LaTeX Package (Mathematics font selection fo
r XeLaTeX)
(/usr/share/texlive/texmf-dist/tex/latex/etoolbox/etoolbox.sty
Package: etoolbox 2018/08/19 v2.5f e-TeX tools for LaTeX (JAW)
\etb@tempcnta=\count100
) (/usr/share/texlive/texmf-dist/tex/latex/fontspec/fontspec.sty (/usr/share/te
xlive/texmf-dist/tex/latex/l3packages/xparse/xparse.sty (/usr/share/texlive/tex
mf-dist/tex/latex/l3kernel/expl3.sty
Package: expl3 2019-07-25 L3 programming layer (loader) 
(/usr/share/texlive/texmf-dist/tex/latex/l3kernel/expl3-code.tex
Package: expl3 2019-07-25 L3 programming layer (code)
\c_max_int=\count101
\l_tmpa_int=\count102
\l_tmpb_int=\count103
\g_tmpa_int=\count104
\g_tmpb_int=\count105
\g__kernel_prg_map_int=\count106
\c__ior_term_ior=\count107
\c_log_iow=\count108
\l_iow_line_count_int=\count109
\l__iow_line_target_int=\count110
\l__iow_one_indent_int=\count111
\l__iow_indent_int=\count112
\c_zero_dim=\dimen112
\c_max_dim=\dimen113
\l_tmpa_dim=\dimen114
\l_tmpb_dim=\dimen115
\g_tmpa_dim=\dimen116
\g_tmpb_dim=\dimen117
\c_zero_skip=\skip46
\c_max_skip=\skip47
\l_tmpa_skip=\skip48
\l_tmpb_skip=\skip49
\g_tmpa_skip=\skip50
\g_tmpb_skip=\skip51
\c_zero_muskip=\muskip11
\c_max_muskip=\muskip12
\l_tmpa_muskip=\muskip13
\l_tmpb_muskip=\muskip14
\g_tmpa_muskip=\muskip15
\g_tmpb_muskip=\muskip16
\l_keys_choice_int=\count113
\l__intarray_loop_int=\count114
\c__intarray_sp_dim=\dimen118
\g__intarray_font_int=\count115
\c__fp_leading_shift_int=\count116
\c__fp_middle_shift_int=\count117
\c__fp_trailing_shift_int=\count118
\c__fp_big_leading_shift_int=\count119
\c__fp_big_middle_shift_int=\count120
\c__fp_big_trailing_shift_int=\count121
\c__fp_Bigg_leading_shift_int=\count122
\c__fp_Bigg_middle_shift_int=\count123
\c__fp_Bigg_trailing_shift_int=\count124
\g__fp_array_int=\count125
\l__fp_array_loop_int=\count126
\l__sort_length_int=\count127
\l__sort_min_int=\count128
\l__sort_top_int=\count129
\l__sort_max_int=\count130
\l__sort_true_max_int=\count131
\l__sort_block_int=\count132
\l__sort_begin_int=\count133
\l__sort_end_int=\count134
\l__sort_A_int=\count135
\l__sort_B_int=\count136
\l__sort_C_int=\count137
\l__str_internal_int=\count138
\l__tl_analysis_normal_int=\count139
\l__tl_analysis_index_int=\count140
\l__tl_analysis_nesting_int=\count141
\l__tl_analysis_type_int=\count142
\l__regex_internal_a_int=\count143
\l__regex_internal_b_int=\count144
\l__regex_internal_c_int=\count145
\l__regex_balance_int=\count146
\l__regex_group_level_int=\count147
\l__regex_mode_int=\count148
\c__regex_cs_in_class_mode_int=\count149
\c__regex_cs_mode_int=\count150
\l__regex_catcodes_int=\count151
\l__regex_default_catcodes_int=\count152
\c__regex_catcode_L_int=\count153
\c__regex_catcode_O_int=\count154
\c__regex_catcode_A_int=\count155
\c__regex_all_catcodes_int=\count156
\l__regex_show_lines_int=\count157
\l__regex_min_state_int=\count158
\l__regex_max_state_int=\count159
\l__regex_left_state_int=\count160
\l__regex_right_state_int=\count161
\l__regex_capturing_group_int=\count162
\l__regex_min_pos_int=\count163
\l__regex_max_pos_int=\count164
\l__regex_curr_pos_int=\count165
\l__regex_start_pos_int=\count166
\l__regex_success_pos_int=\count167
\l__regex_curr_char_int=\count168
\l__regex_curr_catcode_int=\count169
\l__regex_last_char_int=\count170
\l__regex_case_changed_char_int=\count171
\l__regex_curr_state_int=\count172
\l__regex_step_int=\count173
\l__regex_min_active_int=\count174
\l__regex_max_active_int=\count175
\l__regex_replacement_csnames_int=\count176
\l__regex_match_count_int=\count177
\l__regex_min_submatch_int=\count178
\l__regex_submatch_int=\count179
\l__regex_zeroth_submatch_int=\count180
\g__regex_trace_regex_int=\count181
\c_empty_box=\box29
\l_tmpa_box=\box30
\l_tmpb_box=\box31
\g_tmpa_box=\box32
\g_tmpb_box=\box33
\l__box_top_dim=\dimen119
\l__box_bottom_dim=\dimen120
\l__box_left_dim=\dimen121
\l__box_right_dim=\dimen122
\l__box_top_new_dim=\dimen123
\l__box_bottom_new_dim=\dimen124
\l__box_left_new_dim=\dimen125
\l__box_right_new_dim=\dimen126
\l__box_internal_box=\box34
\l__coffin_internal_box=\box35
\l__coffin_internal_dim=\dimen127
\l__coffin_offset_x_dim=\dimen128
\l__coffin_offset_y_dim=\dimen129
\l__coffin_x_dim=\dimen130
\l__coffin_y_dim=\dimen131
\l__coffin_x_prime_dim=\dimen132
\l__coffin_y_prime_dim=\dimen133
\c_empty_coffin=\box36
\l__coffin_aligned_coffin=\box37
\l__coffin_aligned_internal_coffin=\box38
\l_tmpa_coffin=\box39
\l_tmpb_coffin=\box40
\g_tmpa_coffin=\box41
\g_tmpb_coffin=\box42
\l__coffin_bounding_shift_dim=\dimen134
\l__coffin_left_corner_dim=\dimen135
\l__coffin_right_corner_dim=\dimen136
\l__coffin_bottom_corner_dim=\dimen137
\l__coffin_top_corner_dim=\dimen138
\l__coffin_scaled_total_height_dim=\dimen139
\l__coffin_scaled_width_dim=\dimen140
\c__coffin_empty_coffin=\box43
\l__coffin_display_coffin=\box44
\l__coffin_display_coord_coffin=\box45
\l__coffin_display_pole_coffin=\box46
\l__coffin_display_offset_dim=\dimen141
\l__coffin_display_x_dim=\dimen142
\l__coffin_display_y_dim=\dimen143
\g__file_internal_ior=\read1
\l__seq_internal_a_int=\count182
\l__seq_internal_b_int=\count183
) (/usr/share/texlive/texmf-dist/tex/latex/l3backend/l3backend-xdvipdfmx.def
File: l3backend-xdvipdfmx.def 2019-04-06 v L3 backend support: xdvipdfmx
\g__graphics_track_int=\count184
\l__pdf_internal_box=\box47
\g__pdf_backend_object_int=\count185
\g__pdf_backend_annotation_int=\count186
))
Package: xparse 2019-05-28 L3 Experimental document command parser
\l__xparse_current_arg_int=\count187
\g__xparse_grabber_int=\count188
\l__xparse_m_args_int=\count189
\l__xparse_v_nesting_int=\count190
)
Package: fontspec 2019/03/15 v2.7c Font selection for XeLaTeX and LuaLaTeX
(/usr/share/texlive/texmf-dist/tex/latex/fontspec/fontspec-xetex.sty
Package: fontspec-xetex 2019/03/15 v2.7c Font selection for XeLaTeX and LuaLaTe
X
\l__fontspec_script_int=\count191
\l__fontspec_language_int=\count192
\l__fontspec_strnum_int=\count193
\l__fontspec_tmp_int=\count194
\l__fontspec_tmpa_int=\count195
\l__fontspec_tmpb_int=\count196
\l__fontspec_tmpc_int=\count197
\l__fontspec_em_int=\count198
\l__fontspec_emdef_int=\count199
\l__fontspec_strong_int=\count266
\l__fontspec_strongdef_int=\count267
\l__fontspec_tmpa_dim=\dimen144
\l__fontspec_tmpb_dim=\dimen145
\l__fontspec_tmpc_dim=\dimen146
(/usr/share/texlive/texmf-dist/tex/latex/base/fontenc.sty
Package: fontenc 2018/08/11 v2.0j Standard LaTeX package
(/usr/share/texlive/texmf-dist/tex/latex/base/tuenc.def
File: tuenc.def 2018/08/11 v2.0j Standard LaTeX file
LaTeX Font Info:    Redeclaring font encoding TU on input line 82.
)) (/usr/share/texlive/texmf-dist/tex/latex/fontspec/fontspec.cfg)
LaTeX Info: Redefining \itshape on input line 4051.
LaTeX Info: Redefining \slshape on input line 4056.
LaTeX Info: Redefining \scshape on input line 4061.
LaTeX Info: Redefining \upshape on input line 4066.
LaTeX Info: Redefining \em on input line 4096.
LaTeX Info: Redefining \emph on input line 4121.
)) (/usr/share/texlive/texmf-dist/tex/latex/xkeyval/xkeyval.sty
Package: xkeyval 2014/12/03 v2.7a package option processing (HA)
(/usr/share/texlive/texmf-dist/tex/generic/xkeyval/xkeyval.tex (/usr/share/texl
ive/texmf-dist/tex/generic/xkeyval/xkvutils.tex
\XKV@toks=\toks20
\XKV@tempa@toks=\toks21
(/usr/share/texlive/texmf-dist/tex/generic/xkeyval/keyval.tex))
\XKV@depth=\count268
File: xkeyval.tex 2014/12/03 v2.7a key=value parser (HA)
))
\c@eu@=\count269
\c@eu@i=\count270
\c@mkern=\count271
) (/usr/share/texlive/texmf-dist/tex/latex/upquote/upquote.sty
Package: upquote 2012/04/19 v1.3 upright-quote and grave-accent glyphs in verba
tim
(/usr/share/texlive/texmf-dist/tex/latex/base/textcomp.sty
Package: textcomp 2018/08/11 v2.0j Standard LaTeX package
Package textcomp Info: Sub-encoding information:
(textcomp)               5 = only ISO-Adobe without \textcurrency
(textcomp)               4 = 5 + \texteuro
(textcomp)               3 = 4 + \textohm
(textcomp)               2 = 3 + \textestimated + \textcurrency
(textcomp)               1 = TS1 - \textcircled - \t
(textcomp)               0 = TS1 (full)
(textcomp)             Font families with sub-encoding setting implement
(textcomp)             only a restricted character set as indicated.
(textcomp)             Family '?' is the default used for unknown fonts.
(textcomp)             See the documentation for details.
Package textcomp Info: Setting ? sub-encoding to TS1/1 on input line 79.
(/usr/share/texlive/texmf-dist/tex/latex/base/ts1enc.def
File: ts1enc.def 2001/06/05 v3.0e (jk/car/fm) Standard LaTeX file
)
LaTeX Info: Redefining \oldstylenums on input line 334.
Package textcomp Info: Setting cmr sub-encoding to TS1/0 on input line 349.
Package textcomp Info: Setting cmss sub-encoding to TS1/0 on input line 350.
Package textcomp Info: Setting cmtt sub-encoding to TS1/0 on input line 351.
Package textcomp Info: Setting cmvtt sub-encoding to TS1/0 on input line 352.
Package textcomp Info: Setting cmbr sub-encoding to TS1/0 on input line 353.
Package textcomp Info: Setting cmtl sub-encoding to TS1/0 on input line 354.
Package textcomp Info: Setting ccr sub-encoding to TS1/0 on input line 355.
Package textcomp Info: Setting ptm sub-encoding to TS1/4 on input line 356.
Package textcomp Info: Setting pcr sub-encoding to TS1/4 on input line 357.
Package textcomp Info: Setting phv sub-encoding to TS1/4 on input line 358.
Package textcomp Info: Setting ppl sub-encoding to TS1/3 on input line 359.
Package textcomp Info: Setting pag sub-encoding to TS1/4 on input line 360.
Package textcomp Info: Setting pbk sub-encoding to TS1/4 on input line 361.
Package textcomp Info: Setting pnc sub-encoding to TS1/4 on input line 362.
Package textcomp Info: Setting pzc sub-encoding to TS1/4 on input line 363.
Package textcomp Info: Setting bch sub-encoding to TS1/4 on input line 364.
Package textcomp Info: Setting put sub-encoding to TS1/5 on input line 365.
Package textcomp Info: Setting uag sub-encoding to TS1/5 on input line 366.
Package textcomp Info: Setting ugq sub-encoding to TS1/5 on input line 367.
Package textcomp Info: Setting ul8 sub-encoding to TS1/4 on input line 368.
Package textcomp Info: Setting ul9 sub-encoding to TS1/4 on input line 369.
Package textcomp Info: Setting augie sub-encoding to TS1/5 on input line 370.
Package textcomp Info: Setting dayrom sub-encoding to TS1/3 on input line 371.
Package textcomp Info: Setting dayroms sub-encoding to TS1/3 on input line 372.

Package textcomp Info: Setting pxr sub-encoding to TS1/0 on input line 373.
Package textcomp Info: Setting pxss sub-encoding to TS1/0 on input line 374.
Package textcomp Info: Setting pxtt sub-encoding to TS1/0 on input line 375.
Package textcomp Info: Setting txr sub-encoding to TS1/0 on input line 376.
Package textcomp Info: Setting txss sub-encoding to TS1/0 on input line 377.
Package textcomp Info: Setting txtt sub-encoding to TS1/0 on input line 378.
Package textcomp Info: Setting lmr sub-encoding to TS1/0 on input line 379.
Package textcomp Info: Setting lmdh sub-encoding to TS1/0 on input line 380.
Package textcomp Info: Setting lmss sub-encoding to TS1/0 on input line 381.
Package textcomp Info: Setting lmssq sub-encoding to TS1/0 on input line 382.
Package textcomp Info: Setting lmvtt sub-encoding to TS1/0 on input line 383.
Package textcomp Info: Setting lmtt sub-encoding to TS1/0 on input line 384.
Package textcomp Info: Setting qhv sub-encoding to TS1/0 on input line 385.
Package textcomp Info: Setting qag sub-encoding to TS1/0 on input line 386.
Package textcomp Info: Setting qbk sub-encoding to TS1/0 on input line 387.
Package textcomp Info: Setting qcr sub-encoding to TS1/0 on input line 388.
Package textcomp Info: Setting qcs sub-encoding to TS1/0 on input line 389.
Package textcomp Info: Setting qpl sub-encoding to TS1/0 on input line 390.
Package textcomp Info: Setting qtm sub-encoding to TS1/0 on input line 391.
Package textcomp Info: Setting qzc sub-encoding to TS1/0 on input line 392.
Package textcomp Info: Setting qhvc sub-encoding to TS1/0 on input line 393.
Package textcomp Info: Setting futs sub-encoding to TS1/4 on input line 394.
Package textcomp Info: Setting futx sub-encoding to TS1/4 on input line 395.
Package textcomp Info: Setting futj sub-encoding to TS1/4 on input line 396.
Package textcomp Info: Setting hlh sub-encoding to TS1/3 on input line 397.
Package textcomp Info: Setting hls sub-encoding to TS1/3 on input line 398.
Package textcomp Info: Setting hlst sub-encoding to TS1/3 on input line 399.
Package textcomp Info: Setting hlct sub-encoding to TS1/5 on input line 400.
Package textcomp Info: Setting hlx sub-encoding to TS1/5 on input line 401.
Package textcomp Info: Setting hlce sub-encoding to TS1/5 on input line 402.
Package textcomp Info: Setting hlcn sub-encoding to TS1/5 on input line 403.
Package textcomp Info: Setting hlcw sub-encoding to TS1/5 on input line 404.
Package textcomp Info: Setting hlcf sub-encoding to TS1/5 on input line 405.
Package textcomp Info: Setting pplx sub-encoding to TS1/3 on input line 406.
Package textcomp Info: Setting pplj sub-encoding to TS1/3 on input line 407.
Package textcomp Info: Setting ptmx sub-encoding to TS1/4 on input line 408.
Package textcomp Info: Setting ptmj sub-encoding to TS1/4 on input line 409.
)) (/usr/share/texlive/texmf-dist/tex/latex/microtype/microtype.sty
Package: microtype 2019/02/28 v2.7b Micro-typographical refinements (RS)
\MT@toks=\toks22
\MT@count=\count272
LaTeX Info: Redefining \textls on input line 790.
\MT@outer@kern=\dimen147
LaTeX Info: Redefining \textmicrotypecontext on input line 1336.
\MT@listname@count=\count273
(/usr/share/texlive/texmf-dist/tex/latex/microtype/microtype-xetex.def
File: microtype-xetex.def 2019/02/28 v2.7b Definitions specific to xetex (RS)
LaTeX Info: Redefining \lsstyle on input line 258.
)
Package microtype Info: Loading configuration file microtype.cfg.
(/usr/share/texlive/texmf-dist/tex/latex/microtype/microtype.cfg
File: microtype.cfg 2019/02/28 v2.7b microtype main configuration file (RS)
)) (/usr/share/texlive/texmf-dist/tex/latex/hyperref/hyperref.sty
Package: hyperref 2019/06/12 v6.88h Hypertext links for LaTeX
(/usr/share/texlive/texmf-dist/tex/generic/oberdiek/hobsub-hyperref.sty
Package: hobsub-hyperref 2016/05/16 v1.14 Bundle oberdiek, subset hyperref (HO)

(/usr/share/texlive/texmf-dist/tex/generic/oberdiek/hobsub-generic.sty
Package: hobsub-generic 2016/05/16 v1.14 Bundle oberdiek, subset generic (HO)
Package: hobsub 2016/05/16 v1.14 Construct package bundles (HO)
Package: infwarerr 2016/05/16 v1.4 Providing info/warning/error messages (HO)
Package: ltxcmds 2016/05/16 v1.23 LaTeX kernel commands for general use (HO)
Package hobsub Info: Skipping package `ifluatex' (already loaded).
Package: ifvtex 2016/05/16 v1.6 Detect VTeX and its facilities (HO)
Package ifvtex Info: VTeX not detected.
Package: intcalc 2016/05/16 v1.2 Expandable calculations with integers (HO)
Package: ifpdf 2018/09/07 v3.3 Provides the ifpdf switch
Package: etexcmds 2016/05/16 v1.6 Avoid name clashes with e-TeX commands (HO)
Package: kvsetkeys 2016/05/16 v1.17 Key value parser (HO)
Package: kvdefinekeys 2016/05/16 v1.4 Define keys (HO)
Package: pdftexcmds 2018/09/10 v0.29 Utility functions of pdfTeX for LuaTeX (HO
)
Package pdftexcmds Info: LuaTeX not detected.
Package pdftexcmds Info: pdfTeX >= 1.30 not detected.
Package pdftexcmds Info: \pdf@primitive is available.
Package pdftexcmds Info: \pdf@ifprimitive is available.
Package pdftexcmds Info: \pdfdraftmode not found.
Package: pdfescape 2016/05/16 v1.14 Implements pdfTeX's escape features (HO)
Package: bigintcalc 2016/05/16 v1.4 Expandable calculations on big integers (HO
)
Package: bitset 2016/05/16 v1.2 Handle bit-vector datatype (HO)
Package: uniquecounter 2016/05/16 v1.3 Provide unlimited unique counter (HO)
)
Package hobsub Info: Skipping package `hobsub' (already loaded).
Package: letltxmacro 2016/05/16 v1.5 Let assignment for LaTeX macros (HO)
Package: hopatch 2016/05/16 v1.3 Wrapper for package hooks (HO)
Package: xcolor-patch 2016/05/16 xcolor patch
Package: atveryend 2016/05/16 v1.9 Hooks at the very end of document (HO)
Package: atbegshi 2016/06/09 v1.18 At begin shipout hook (HO)
Package: refcount 2016/05/16 v3.5 Data extraction from label references (HO)
Package: hycolor 2016/05/16 v1.8 Color options for hyperref/bookmark (HO)
) (/usr/share/texlive/texmf-dist/tex/latex/oberdiek/auxhook.sty
Package: auxhook 2016/05/16 v1.4 Hooks for auxiliary files (HO)
) (/usr/share/texlive/texmf-dist/tex/latex/oberdiek/kvoptions.sty
Package: kvoptions 2016/05/16 v3.12 Key value format for package options (HO)
)
\@linkdim=\dimen148
\Hy@linkcounter=\count274
\Hy@pagecounter=\count275
(/usr/share/texlive/texmf-dist/tex/latex/hyperref/pd1enc.def
File: pd1enc.def 2019/06/12 v6.88h Hyperref: PDFDocEncoding definition (HO)
)
\Hy@SavedSpaceFactor=\count276
(/usr/share/texlive/texmf-dist/tex/latex/latexconfig/hyperref.cfg
File: hyperref.cfg 2002/06/06 v1.2 hyperref configuration of TeXLive
)
Package hyperref Info: Hyper figures OFF on input line 4550.
Package hyperref Info: Link nesting OFF on input line 4555.
Package hyperref Info: Hyper index ON on input line 4558.
Package hyperref Info: Plain pages OFF on input line 4565.
Package hyperref Info: Backreferencing OFF on input line 4570.
Package hyperref Info: Implicit mode ON; LaTeX internals redefined.
Package hyperref Info: Bookmarks ON on input line 4803.
\c@Hy@tempcnt=\count277
(/usr/share/texlive/texmf-dist/tex/latex/url/url.sty
\Urlmuskip=\muskip17
Package: url 2013/09/16  ver 3.4  Verb mode for urls, etc.
)
LaTeX Info: Redefining \url on input line 5156.
\XeTeXLinkMargin=\dimen149
\Fld@menulength=\count278
\Field@Width=\dimen150
\Fld@charsize=\dimen151
Package hyperref Info: Hyper figures OFF on input line 6411.
Package hyperref Info: Link nesting OFF on input line 6416.
Package hyperref Info: Hyper index ON on input line 6419.
Package hyperref Info: backreferencing OFF on input line 6426.
Package hyperref Info: Link coloring OFF on input line 6431.
Package hyperref Info: Link coloring with OCG OFF on input line 6436.
Package hyperref Info: PDF/A mode OFF on input line 6441.
LaTeX Info: Redefining \ref on input line 6481.
LaTeX Info: Redefining \pageref on input line 6485.
\Hy@abspage=\count279
\c@Item=\count280
\c@Hfootnote=\count281
)
Package hyperref Info: Driver (autodetected): hxetex.
(/usr/share/texlive/texmf-dist/tex/latex/hyperref/hxetex.def
File: hxetex.def 2019/06/12 v6.88h Hyperref driver for XeTeX
(/usr/share/texlive/texmf-dist/tex/latex/hyperref/puenc.def
File: puenc.def 2019/06/12 v6.88h Hyperref: PDF Unicode definition (HO)
) (/usr/share/texlive/texmf-dist/tex/generic/oberdiek/stringenc.sty
Package: stringenc 2016/05/16 v1.11 Convert strings between diff. encodings (HO
)
)
\pdfm@box=\box48
\c@Hy@AnnotLevel=\count282
\HyField@AnnotCount=\count283
\Fld@listcount=\count284
\c@bookmark@seq@number=\count285
(/usr/share/texlive/texmf-dist/tex/latex/oberdiek/rerunfilecheck.sty
Package: rerunfilecheck 2016/05/16 v1.8 Rerun checks for auxiliary files (HO)
Package uniquecounter Info: New unique counter `rerunfilecheck' on input line 2
82.
)
\Hy@SectionHShift=\skip52
)
Package hyperref Info: Option `unicode' set `true' on input line 29.
(/usr/share/texlive/texmf-dist/tex/generic/oberdiek/se-ascii-print.def
File: se-ascii-print.def 2016/05/16 v1.11 stringenc: Printable ASCII characters

)
Package hyperref Info: Option `breaklinks' set `true' on input line 29.
(/usr/share/texlive/texmf-dist/tex/latex/graphics/color.sty
Package: color 2016/07/10 v1.1e Standard LaTeX Color (DPC)
(/usr/share/texlive/texmf-dist/tex/latex/graphics-cfg/color.cfg
File: color.cfg 2016/01/02 v1.6 sample color configuration
)
Package color Info: Driver file: xetex.def on input line 147.
(/usr/share/texlive/texmf-dist/tex/latex/graphics-def/xetex.def
File: xetex.def 2017/06/24 v5.0h Graphics/color driver for xetex
)) (/usr/share/texlive/texmf-dist/tex/latex/fancyvrb/fancyvrb.sty
Package: fancyvrb 2019/01/15
Style option: `fancyvrb' v3.2a <2019/01/15> (tvz)
\FV@CodeLineNo=\count286
\FV@InFile=\read2
\FV@TabBox=\box49
\c@FancyVerbLine=\count287
\FV@StepNumber=\count288
\FV@OutFile=\write3
) (/usr/share/texlive/texmf-dist/tex/latex/framed/framed.sty
Package: framed 2011/10/22 v 0.96: framed or shaded text with page breaks
\OuterFrameSep=\skip53
\fb@frw=\dimen152
\fb@frh=\dimen153
\FrameRule=\dimen154
\FrameSep=\dimen155
) (/usr/share/texlive/texmf-dist/tex/latex/graphics/graphicx.sty
Package: graphicx 2017/06/01 v1.1a Enhanced LaTeX Graphics (DPC,SPQR)
(/usr/share/texlive/texmf-dist/tex/latex/graphics/graphics.sty
Package: graphics 2017/06/25 v1.2c Standard LaTeX Graphics (DPC,SPQR)
(/usr/share/texlive/texmf-dist/tex/latex/graphics/trig.sty
Package: trig 2016/01/03 v1.10 sin cos tan (DPC)
) (/usr/share/texlive/texmf-dist/tex/latex/graphics-cfg/graphics.cfg
File: graphics.cfg 2016/06/04 v1.11 sample graphics configuration
)
Package graphics Info: Driver file: xetex.def on input line 99.
)
\Gin@req@height=\dimen156
\Gin@req@width=\dimen157
) (/usr/share/texlive/texmf-dist/tex/latex/oberdiek/grffile.sty
Package: grffile 2017/06/30 v1.18 Extended file name support for graphics (HO)
Package grffile Info: Option `multidot' is set to `true'.
Package grffile Info: Option `extendedchars' is set to `false'.
Package grffile Info: Option `space' is set to `true'.
Package grffile Info: \Gin@ii of package `graphicx' fixed on input line 494.
) (/usr/share/texlive/texmf-dist/tex/latex/parskip/parskip.sty
Package: parskip 2019-01-16 v2.0c non-zero parskip adjustments
) (/usr/share/texlive/texmf-dist/tex/latex/titling/titling.sty
Package: titling 2009/09/04 v2.1d maketitle typesetting
\thanksmarkwidth=\skip54
\thanksmargin=\skip55
\droptitle=\skip56
) (/usr/share/texlive/texmf-dist/tex/latex/graphics/lscape.sty
Package: lscape 2000/10/22 v3.01 Landscape Pages (DPC)
) (/usr/share/texlive/texmf-dist/tex/latex/pdfpages/pdfpages.sty
Package: pdfpages 2017/10/31 v0.5l Insert pages of external PDF documents (AM)
(/usr/share/texlive/texmf-dist/tex/latex/base/ifthen.sty
Package: ifthen 2014/09/29 v1.1c Standard LaTeX ifthen package (DPC)
) (/usr/share/texlive/texmf-dist/tex/latex/tools/calc.sty
Package: calc 2017/05/25 v4.3 Infix arithmetic (KKT,FJ)
\calc@Acount=\count289
\calc@Bcount=\count290
\calc@Adimen=\dimen158
\calc@Bdimen=\dimen159
\calc@Askip=\skip57
\calc@Bskip=\skip58
LaTeX Info: Redefining \setlength on input line 80.
LaTeX Info: Redefining \addtolength on input line 81.
\calc@Ccount=\count291
\calc@Cskip=\skip59
) (/usr/share/texlive/texmf-dist/tex/latex/eso-pic/eso-pic.sty
Package: eso-pic 2018/04/12 v2.0h eso-pic (RN)
)
\AM@pagewidth=\dimen160
\AM@pageheight=\dimen161
(/usr/share/texlive/texmf-dist/tex/latex/pdfpages/ppxetex.def
File: ppxetex.def 2017/10/31 v0.5l Pdfpages driver for XeTeX (AM)
)
\AM@pagebox=\box50
\AM@global@opts=\toks23
\AM@toc@title=\toks24
\c@AM@survey=\count292
\AM@templatesizebox=\box51
) (/usr/share/texlive/texmf-dist/tex/latex/soul/soul.sty
Package: soul 2003/11/17 v2.4 letterspacing/underlining (mf)
\SOUL@word=\toks25
\SOUL@lasttoken=\toks26
\SOUL@cmds=\toks27
\SOUL@buffer=\toks28
\SOUL@token=\toks29
\SOUL@spaceskip=\skip60
\SOUL@ttwidth=\dimen162
\SOUL@uldp=\dimen163
\SOUL@ulht=\dimen164
) (/usr/share/texlive/texmf-dist/tex/latex/xcolor/xcolor.sty
Package: xcolor 2016/05/11 v2.12 LaTeX color extensions (UK)
(/usr/share/texlive/texmf-dist/tex/latex/graphics-cfg/color.cfg
File: color.cfg 2016/01/02 v1.6 sample color configuration
)
Package xcolor Info: Driver file: xetex.def on input line 225.
LaTeX Info: Redefining \color on input line 709.
Package xcolor Info: Model `cmy' substituted by `cmy0' on input line 1348.
Package xcolor Info: Model `RGB' extended on input line 1364.
Package xcolor Info: Model `HTML' substituted by `rgb' on input line 1366.
Package xcolor Info: Model `Hsb' substituted by `hsb' on input line 1367.
Package xcolor Info: Model `tHsb' substituted by `hsb' on input line 1368.
Package xcolor Info: Model `HSB' substituted by `hsb' on input line 1369.
Package xcolor Info: Model `Gray' substituted by `gray' on input line 1370.
Package xcolor Info: Model `wave' substituted by `hsb' on input line 1371.
) (./arrangeHoboData.aux)
\openout1 = `arrangeHoboData.aux'.

LaTeX Font Info:    Checking defaults for OML/cmm/m/it on input line 164.
LaTeX Font Info:    ... okay on input line 164.
LaTeX Font Info:    Checking defaults for T1/cmr/m/n on input line 164.
LaTeX Font Info:    ... okay on input line 164.
LaTeX Font Info:    Checking defaults for OT1/cmr/m/n on input line 164.
LaTeX Font Info:    ... okay on input line 164.
LaTeX Font Info:    Checking defaults for OMS/cmsy/m/n on input line 164.
LaTeX Font Info:    ... okay on input line 164.
LaTeX Font Info:    Checking defaults for TU/lmr/m/n on input line 164.
LaTeX Font Info:    ... okay on input line 164.
LaTeX Font Info:    Checking defaults for OMX/cmex/m/n on input line 164.
LaTeX Font Info:    ... okay on input line 164.
LaTeX Font Info:    Checking defaults for U/cmr/m/n on input line 164.
LaTeX Font Info:    ... okay on input line 164.
LaTeX Font Info:    Checking defaults for TS1/cmr/m/n on input line 164.
LaTeX Font Info:    Try loading font information for TS1+cmr on input line 164.

(/usr/share/texlive/texmf-dist/tex/latex/base/ts1cmr.fd
File: ts1cmr.fd 2014/09/29 v2.5h Standard LaTeX font definitions
)
LaTeX Font Info:    ... okay on input line 164.
LaTeX Font Info:    Checking defaults for PD1/pdf/m/n on input line 164.
LaTeX Font Info:    ... okay on input line 164.
LaTeX Font Info:    Checking defaults for PU/pdf/m/n on input line 164.
LaTeX Font Info:    ... okay on input line 164.
LaTeX Info: Redefining \microtypecontext on input line 164.
Package microtype Info: Character protrusion enabled (level 2).
Package microtype Info: Using protrusion set `basicmath'.
Package microtype Info: No adjustment of tracking.
Package microtype Info: No adjustment of spacing.
Package microtype Info: No adjustment of kerning.
(/usr/share/texlive/texmf-dist/tex/latex/microtype/mt-LatinModernRoman.cfg
File: mt-LatinModernRoman.cfg 2013/03/13 v1.0 microtype config. file: Latin Mod
ern Roman (RS)
)
\AtBeginShipoutBox=\box52
Package hyperref Info: Link coloring OFF on input line 164.
(/usr/share/texlive/texmf-dist/tex/latex/hyperref/nameref.sty
Package: nameref 2016/05/21 v2.44 Cross-referencing by name of section
(/usr/share/texlive/texmf-dist/tex/generic/oberdiek/gettitlestring.sty
Package: gettitlestring 2016/05/16 v1.5 Cleanup title references (HO)
)
\c@section@level=\count293
)
LaTeX Info: Redefining \ref on input line 164.
LaTeX Info: Redefining \pageref on input line 164.
LaTeX Info: Redefining \nameref on input line 164.
(./arrangeHoboData.out) (./arrangeHoboData.out)
\@outlinefile=\write4
\openout4 = `arrangeHoboData.out'.

(/usr/share/texlive/texmf-dist/tex/latex/oberdiek/pdflscape.sty
Package: pdflscape 2016/05/14 v0.11 Display of landscape pages in PDF (HO)
Package pdflscape Info: Auto-detected driver: dvipdfm (xetex) on input line 99.

) (./arrangeHoboData.toc)
\tf@toc=\write5
\openout5 = `arrangeHoboData.toc'.


Package xcolor Warning: Incompatible color definition on input line 184.

LaTeX Font Info:    Font shape `TU/lmtt/bx/n' in size <10> not available
(Font)              Font shape `TU/lmtt/b/n' tried instead on input line 188.

Package xcolor Warning: Incompatible color definition on input line 196.


Package xcolor Warning: Incompatible color definition on input line 196.


Package xcolor Warning: Incompatible color definition on input line 202.


Package xcolor Warning: Incompatible color definition on input line 206.


Package xcolor Warning: Incompatible color definition on input line 206.


Overfull \hbox (38.25pt too wide) in paragraph at lines 282--282
[]\TU/lmtt/m/n/10 ##    []Temperature (M~ []RH (MX-RH-2 20~ []Dew Point (MX-~ [
]Temperature (M~[] 
 []


Overfull \hbox (38.25pt too wide) in paragraph at lines 282--282
[]\TU/lmtt/m/n/10 ##               <dbl>            <dbl>            <dbl>     
       <dbl>[] 
 []


Overfull \hbox (38.25pt too wide) in paragraph at lines 282--282
[]\TU/lmtt/m/n/10 ##  1             NA               NA              NA        
          NA[] 
 []


Overfull \hbox (38.25pt too wide) in paragraph at lines 282--282
[]\TU/lmtt/m/n/10 ##  2             NA               NA              NA        
          NA[] 
 []

[1

]
Overfull \hbox (38.25pt too wide) in paragraph at lines 282--282
[]\TU/lmtt/m/n/10 ##  3             22.3             28.2             3.05     
          NA[] 
 []


Overfull \hbox (38.25pt too wide) in paragraph at lines 282--282
[]\TU/lmtt/m/n/10 ##  4             NA               NA              NA        
          NA[] 
 []


Overfull \hbox (38.25pt too wide) in paragraph at lines 282--282
[]\TU/lmtt/m/n/10 ##  5             24.7             25.6             3.69     
          NA[] 
 []


Overfull \hbox (38.25pt too wide) in paragraph at lines 282--282
[]\TU/lmtt/m/n/10 ##  6             NA               NA              NA        
          NA[] 
 []


Overfull \hbox (38.25pt too wide) in paragraph at lines 282--282
[]\TU/lmtt/m/n/10 ##  7             25.5             24.4             3.72     
          NA[] 
 []


Overfull \hbox (38.25pt too wide) in paragraph at lines 282--282
[]\TU/lmtt/m/n/10 ##  8             NA               NA              NA        
          NA[] 
 []


Overfull \hbox (38.25pt too wide) in paragraph at lines 282--282
[]\TU/lmtt/m/n/10 ##  9             26.1             24.0             3.95     
          NA[] 
 []


Overfull \hbox (38.25pt too wide) in paragraph at lines 282--282
[]\TU/lmtt/m/n/10 ## 10             NA               NA              NA        
          NA[] 
 []


Overfull \hbox (1.5pt too wide) in paragraph at lines 282--282
[]\TU/lmtt/m/n/10 ## # ... with 6,879 more rows, and 60 more variables: []RH (M
X-RH-2[] 
 []


Overfull \hbox (22.5pt too wide) in paragraph at lines 282--282
[]\TU/lmtt/m/n/10 ## #   20835815:20835815-2), %, 20835815[] <dbl>, []Dew Point
 (MX-TEMP-2[] 
 []


Overfull \hbox (38.25pt too wide) in paragraph at lines 282--282
[]\TU/lmtt/m/n/10 ## #   20835815:20835815-4), *C, 20835815[] <dbl>, []Temperat
ure (MX-TEMP-2[] 
 []


Overfull \hbox (22.5pt too wide) in paragraph at lines 282--282
[]\TU/lmtt/m/n/10 ## #   20835816:20835816-2), %, 20835816[] <dbl>, []Dew Point
 (MX-TEMP-2[] 
 []


Overfull \hbox (38.25pt too wide) in paragraph at lines 282--282
[]\TU/lmtt/m/n/10 ## #   20835816:20835816-4), *C, 20835816[] <dbl>, []Temperat
ure (MX-TEMP-2[] 
 []


Overfull \hbox (22.5pt too wide) in paragraph at lines 282--282
[]\TU/lmtt/m/n/10 ## #   20835817:20835817-2), %, 20835817[] <dbl>, []Dew Point
 (MX-TEMP-2[] 
 []


Overfull \hbox (38.25pt too wide) in paragraph at lines 282--282
[]\TU/lmtt/m/n/10 ## #   20835817:20835817-4), *C, 20835817[] <dbl>, []Temperat
ure (MX-TEMP-2[] 
 []


Overfull \hbox (22.5pt too wide) in paragraph at lines 282--282
[]\TU/lmtt/m/n/10 ## #   20835818:20835818-2), %, 20835818[] <dbl>, []Dew Point
 (MX-TEMP-2[] 
 []


Overfull \hbox (38.25pt too wide) in paragraph at lines 282--282
[]\TU/lmtt/m/n/10 ## #   20835818:20835818-4), *C, 20835818[] <dbl>, []Temperat
ure (MX-TEMP-2[] 
 []


Overfull \hbox (22.5pt too wide) in paragraph at lines 282--282
[]\TU/lmtt/m/n/10 ## #   20835819:20835819-2), %, 20835819[] <dbl>, []Dew Point
 (MX-TEMP-2[] 
 []


Overfull \hbox (38.25pt too wide) in paragraph at lines 282--282
[]\TU/lmtt/m/n/10 ## #   20835819:20835819-4), *C, 20835819[] <dbl>, []Temperat
ure (MX-TEMP-2[] 
 []


Overfull \hbox (22.5pt too wide) in paragraph at lines 282--282
[]\TU/lmtt/m/n/10 ## #   20835820:20835820-2), %, 20835820[] <dbl>, []Dew Point
 (MX-TEMP-2[] 
 []


Overfull \hbox (38.25pt too wide) in paragraph at lines 282--282
[]\TU/lmtt/m/n/10 ## #   20835820:20835820-4), *C, 20835820[] <dbl>, []Temperat
ure (MX-TEMP-2[] 
 []


Overfull \hbox (22.5pt too wide) in paragraph at lines 282--282
[]\TU/lmtt/m/n/10 ## #   20835821:20835821-2), %, 20835821[] <dbl>, []Dew Point
 (MX-TEMP-2[] 
 []


Overfull \hbox (38.25pt too wide) in paragraph at lines 282--282
[]\TU/lmtt/m/n/10 ## #   20835821:20835821-4), *C, 20835821[] <dbl>, []Temperat
ure (MX-TEMP-2[] 
 []


Overfull \hbox (22.5pt too wide) in paragraph at lines 282--282
[]\TU/lmtt/m/n/10 ## #   20835822:20835822-2), %, 20835822[] <dbl>, []Dew Point
 (MX-TEMP-2[] 
 []


Overfull \hbox (38.25pt too wide) in paragraph at lines 282--282
[]\TU/lmtt/m/n/10 ## #   20835822:20835822-4), *C, 20835822[] <dbl>, []Temperat
ure (MX-TEMP-2[] 
 []


Overfull \hbox (22.5pt too wide) in paragraph at lines 282--282
[]\TU/lmtt/m/n/10 ## #   20835823:20835823-2), %, 20835823[] <dbl>, []Dew Point
 (MX-TEMP-2[] 
 []


Overfull \hbox (38.25pt too wide) in paragraph at lines 282--282
[]\TU/lmtt/m/n/10 ## #   20835823:20835823-4), *C, 20835823[] <dbl>, []Temperat
ure (MX-TEMP-2[] 
 []


Overfull \hbox (22.5pt too wide) in paragraph at lines 282--282
[]\TU/lmtt/m/n/10 ## #   20835824:20835824-2), %, 20835824[] <dbl>, []Dew Point
 (MX-TEMP-2[] 
 []


Overfull \hbox (38.25pt too wide) in paragraph at lines 282--282
[]\TU/lmtt/m/n/10 ## #   20835824:20835824-4), *C, 20835824[] <dbl>, []Temperat
ure (MX-TEMP-2[] 
 []


Overfull \hbox (22.5pt too wide) in paragraph at lines 282--282
[]\TU/lmtt/m/n/10 ## #   20835825:20835825-2), %, 20835825[] <dbl>, []Dew Point
 (MX-TEMP-2[] 
 []


Overfull \hbox (38.25pt too wide) in paragraph at lines 282--282
[]\TU/lmtt/m/n/10 ## #   20835825:20835825-4), *C, 20835825[] <dbl>, []Temperat
ure (MX-TEMP-2[] 
 []


Overfull \hbox (22.5pt too wide) in paragraph at lines 282--282
[]\TU/lmtt/m/n/10 ## #   20843228:20843228-2), %, 20843228[] <dbl>, []Dew Point
 (MX-TEMP-2[] 
 []


Overfull \hbox (38.25pt too wide) in paragraph at lines 282--282
[]\TU/lmtt/m/n/10 ## #   20843228:20843228-4), *C, 20843228[] <dbl>, []Temperat
ure (MX-TEMP-2[] 
 []


Overfull \hbox (22.5pt too wide) in paragraph at lines 282--282
[]\TU/lmtt/m/n/10 ## #   20843229:20843229-2), %, 20843229[] <dbl>, []Dew Point
 (MX-TEMP-2[] 
 []

[2]
Overfull \hbox (38.25pt too wide) in paragraph at lines 282--282
[]\TU/lmtt/m/n/10 ## #   20843229:20843229-4), *C, 20843229[] <dbl>, []Temperat
ure (MX-TEMP-2[] 
 []


Overfull \hbox (22.5pt too wide) in paragraph at lines 282--282
[]\TU/lmtt/m/n/10 ## #   20843230:20843230-2), %, 20843230[] <dbl>, []Dew Point
 (MX-TEMP-2[] 
 []


Overfull \hbox (38.25pt too wide) in paragraph at lines 282--282
[]\TU/lmtt/m/n/10 ## #   20843230:20843230-4), *C, 20843230[] <dbl>, []Temperat
ure (MX-TEMP-2[] 
 []


Overfull \hbox (22.5pt too wide) in paragraph at lines 282--282
[]\TU/lmtt/m/n/10 ## #   20843231:20843231-2), %, 20843231[] <dbl>, []Dew Point
 (MX-TEMP-2[] 
 []


Overfull \hbox (38.25pt too wide) in paragraph at lines 282--282
[]\TU/lmtt/m/n/10 ## #   20843231:20843231-4), *C, 20843231[] <dbl>, []Temperat
ure (MX-TEMP-2[] 
 []


Overfull \hbox (22.5pt too wide) in paragraph at lines 282--282
[]\TU/lmtt/m/n/10 ## #   20843233:20843233-2), %, 20843233[] <dbl>, []Dew Point
 (MX-TEMP-2[] 
 []


Overfull \hbox (38.25pt too wide) in paragraph at lines 282--282
[]\TU/lmtt/m/n/10 ## #   20843233:20843233-4), *C, 20843233[] <dbl>, []Temperat
ure (MX-TEMP-2[] 
 []


Overfull \hbox (22.5pt too wide) in paragraph at lines 282--282
[]\TU/lmtt/m/n/10 ## #   20843235:20843235-2), %, 20843235[] <dbl>, []Dew Point
 (MX-TEMP-2[] 
 []


Overfull \hbox (38.25pt too wide) in paragraph at lines 282--282
[]\TU/lmtt/m/n/10 ## #   20843235:20843235-4), *C, 20843235[] <dbl>, []Temperat
ure (MX-TEMP-2[] 
 []


Overfull \hbox (22.5pt too wide) in paragraph at lines 282--282
[]\TU/lmtt/m/n/10 ## #   20843236:20843236-2), %, 20843236[] <dbl>, []Dew Point
 (MX-TEMP-2[] 
 []


Overfull \hbox (38.25pt too wide) in paragraph at lines 282--282
[]\TU/lmtt/m/n/10 ## #   20843236:20843236-4), *C, 20843236[] <dbl>, []Temperat
ure (MX-TEMP-2[] 
 []


Overfull \hbox (22.5pt too wide) in paragraph at lines 282--282
[]\TU/lmtt/m/n/10 ## #   20843238:20843238-2), %, 20843238[] <dbl>, []Dew Point
 (MX-TEMP-2[] 
 []


Overfull \hbox (38.25pt too wide) in paragraph at lines 282--282
[]\TU/lmtt/m/n/10 ## #   20843238:20843238-4), *C, 20843238[] <dbl>, []Temperat
ure (MX-TEMP-2[] 
 []


Overfull \hbox (22.5pt too wide) in paragraph at lines 282--282
[]\TU/lmtt/m/n/10 ## #   20843239:20843239-2), %, 20843239[] <dbl>, []Dew Point
 (MX-TEMP-2[] 
 []


Package xcolor Warning: Incompatible color definition on input line 289.


Package xcolor Warning: Incompatible color definition on input line 318.


Package xcolor Warning: Incompatible color definition on input line 318.


Package xcolor Warning: Incompatible color definition on input line 318.

[3]

Package xcolor Warning: Incompatible color definition on input line 318.


Package xcolor Warning: Incompatible color definition on input line 318.


Package xcolor Warning: Incompatible color definition on input line 322.


Package xcolor Warning: Incompatible color definition on input line 326.


Package xcolor Warning: Incompatible color definition on input line 326.


Overfull \hbox (64.5pt too wide) in paragraph at lines 343--343
[]\TU/lmtt/m/n/10 ##    date                logger                             
      temperature[] 
 []


Overfull \hbox (64.5pt too wide) in paragraph at lines 343--343
[]\TU/lmtt/m/n/10 ##    <dttm>              <chr>                              
            <dbl>[] 
 []


Overfull \hbox (64.5pt too wide) in paragraph at lines 343--343
[]\TU/lmtt/m/n/10 ##  1 2020-05-14 08:21:51 Temperature (MX-TEMP-2 20843236:208
4323~        20.8[] 
 []


Overfull \hbox (64.5pt too wide) in paragraph at lines 343--343
[]\TU/lmtt/m/n/10 ##  2 2020-05-14 08:41:51 Temperature (MX-TEMP-2 20843236:208
4323~        22.2[] 
 []


Overfull \hbox (64.5pt too wide) in paragraph at lines 343--343
[]\TU/lmtt/m/n/10 ##  3 2020-05-14 08:54:29 Temperature (MX-TEMP-2 20835814:208
3581~        22.3[] 
 []


Overfull \hbox (64.5pt too wide) in paragraph at lines 343--343
[]\TU/lmtt/m/n/10 ##  4 2020-05-14 09:01:51 Temperature (MX-TEMP-2 20843236:208
4323~        24.9[] 
 []


Overfull \hbox (64.5pt too wide) in paragraph at lines 343--343
[]\TU/lmtt/m/n/10 ##  5 2020-05-14 09:14:29 Temperature (MX-TEMP-2 20835814:208
3581~        24.7[] 
 []


Overfull \hbox (64.5pt too wide) in paragraph at lines 343--343
[]\TU/lmtt/m/n/10 ##  6 2020-05-14 09:21:51 Temperature (MX-TEMP-2 20843236:208
4323~        26.2[] 
 []


Overfull \hbox (64.5pt too wide) in paragraph at lines 343--343
[]\TU/lmtt/m/n/10 ##  7 2020-05-14 09:34:29 Temperature (MX-TEMP-2 20835814:208
3581~        25.5[] 
 []


Overfull \hbox (64.5pt too wide) in paragraph at lines 343--343
[]\TU/lmtt/m/n/10 ##  8 2020-05-14 09:41:51 Temperature (MX-TEMP-2 20843236:208
4323~        26.6[] 
 []


Overfull \hbox (64.5pt too wide) in paragraph at lines 343--343
[]\TU/lmtt/m/n/10 ##  9 2020-05-14 09:54:29 Temperature (MX-TEMP-2 20835814:208
3581~        26.1[] 
 []


Overfull \hbox (64.5pt too wide) in paragraph at lines 343--343
[]\TU/lmtt/m/n/10 ## 10 2020-05-14 10:01:51 Temperature (MX-TEMP-2 20843236:208
4323~        27.2[] 
 []


Package xcolor Warning: Incompatible color definition on input line 347.


Package xcolor Warning: Incompatible color definition on input line 360.


Package xcolor Warning: Incompatible color definition on input line 360.


Package xcolor Warning: Incompatible color definition on input line 364.


Package xcolor Warning: Incompatible color definition on input line 369.


Package xcolor Warning: Incompatible color definition on input line 369.


Package xcolor Warning: Incompatible color definition on input line 375.

[4]

Package xcolor Warning: Incompatible color definition on input line 387.


Package xcolor Warning: Incompatible color definition on input line 387.


Package xcolor Warning: Incompatible color definition on input line 389.


Package xcolor Warning: Incompatible color definition on input line 393.


Package xcolor Warning: Incompatible color definition on input line 393.


Package xcolor Warning: Incompatible color definition on input line 416.


Package xcolor Warning: Incompatible color definition on input line 489.


Package xcolor Warning: Incompatible color definition on input line 489.


Package xcolor Warning: Incompatible color definition on input line 489.

[5]

Package xcolor Warning: Incompatible color definition on input line 489.


Package xcolor Warning: Incompatible color definition on input line 489.


Overfull \vbox (2.28998pt too high) detected at line 489
 []


Package xcolor Warning: Incompatible color definition on input line 489.

[6]

Package xcolor Warning: Incompatible color definition on input line 489.


Package xcolor Warning: Incompatible color definition on input line 489.


Package xcolor Warning: Incompatible color definition on input line 493.


Package xcolor Warning: Incompatible color definition on input line 497.


Package xcolor Warning: Incompatible color definition on input line 497.


Package xcolor Warning: Incompatible color definition on input line 505.


Package xcolor Warning: Incompatible color definition on input line 509.


Package xcolor Warning: Incompatible color definition on input line 509.


Package xcolor Warning: Incompatible color definition on input line 518.


Package xcolor Warning: Incompatible color definition on input line 524.


Package xcolor Warning: Incompatible color definition on input line 524.

File: figure/unnamed-chunk-12-1.png Graphic file (type bmp)
<figure/unnamed-chunk-12-1.png>

Package xcolor Warning: Incompatible color definition on input line 528.

[7]

Package xcolor Warning: Incompatible color definition on input line 546.


Package xcolor Warning: Incompatible color definition on input line 546.

File: figure/unnamed-chunk-13-1.png Graphic file (type bmp)
<figure/unnamed-chunk-13-1.png>
Package atveryend Info: Empty hook `BeforeClearDocument' on input line 551.
[8] [9]
Package atveryend Info: Empty hook `AfterLastShipout' on input line 551.
(./arrangeHoboData.aux)
Package atveryend Info: Empty hook `AtVeryEndDocument' on input line 551.
Package atveryend Info: Executing hook `AtEndAfterFileList' on input line 551.
Package rerunfilecheck Info: File `arrangeHoboData.out' has not changed.
(rerunfilecheck)             Checksum: 196C4E3E67CCE4DB2EDF6E1B50B5C730.
 ) 
Here is how much of TeX's memory you used:
 25107 strings out of 494152
 467794 string characters out of 6158058
 606633 words of memory out of 5000000
 28899 multiletter control sequences out of 15000+600000
 533091 words of font info for 36 fonts, out of 8000000 for 9000
 430 hyphenation exceptions out of 8191
 46i,6n,54p,812b,462s stack positions out of 5000i,500n,10000p,200000b,80000s

Output written on arrangeHoboData.pdf (9 pages).
